Using pre-set license
Built from '2022.3/staging' branch; Version is '2022.3.47f1 (88c277b85d21) revision 8962679'; Using compiler version '192829333'; Build Type 'Release'
OS: 'Windows 10  (10.0.19045) 64bit Professional' Language: 'ru' Physical Memory: 15961 MB
BatchMode: 1, IsHumanControllingUs: 0, StartBugReporterOnCrash: 0, Is64bit: 1, IsPro: 1

COMMAND LINE ARGUMENTS:
D:\2022.3.47f1\Editor\Unity.exe
-adb2
-batchMode
-noUpm
-name
AssetImportWorker0
-projectPath
D:/LFLAfolder/LFLAGit
-logFile
Logs/AssetImportWorker0.log
-srvPort
59449
Successfully changed project path to: D:/LFLAfolder/LFLAGit
D:/LFLAfolder/LFLAGit
[UnityMemory] Configuration Parameters - Can be set up in boot.config
    "memorysetup-bucket-allocator-granularity=16"
    "memorysetup-bucket-allocator-bucket-count=8"
    "memorysetup-bucket-allocator-block-size=33554432"
    "memorysetup-bucket-allocator-block-count=8"
    "memorysetup-main-allocator-block-size=16777216"
    "memorysetup-thread-allocator-block-size=16777216"
    "memorysetup-gfx-main-allocator-block-size=16777216"
    "memorysetup-gfx-thread-allocator-block-size=16777216"
    "memorysetup-cache-allocator-block-size=4194304"
    "memorysetup-typetree-allocator-block-size=2097152"
    "memorysetup-profiler-bucket-allocator-granularity=16"
    "memorysetup-profiler-bucket-allocator-bucket-count=8"
    "memorysetup-profiler-bucket-allocator-block-size=33554432"
    "memorysetup-profiler-bucket-allocator-block-count=8"
    "memorysetup-profiler-allocator-block-size=16777216"
    "memorysetup-profiler-editor-allocator-block-size=1048576"
    "memorysetup-temp-allocator-size-main=16777216"
    "memorysetup-job-temp-allocator-block-size=2097152"
    "memorysetup-job-temp-allocator-block-size-background=1048576"
    "memorysetup-job-temp-allocator-reduction-small-platforms=262144"
    "memorysetup-allocator-temp-initial-block-size-main=262144"
    "memorysetup-allocator-temp-initial-block-size-worker=262144"
    "memorysetup-temp-allocator-size-background-worker=32768"
    "memorysetup-temp-allocator-size-job-worker=262144"
    "memorysetup-temp-allocator-size-preload-manager=33554432"
    "memorysetup-temp-allocator-size-nav-mesh-worker=65536"
    "memorysetup-temp-allocator-size-audio-worker=65536"
    "memorysetup-temp-allocator-size-cloud-worker=32768"
    "memorysetup-temp-allocator-size-gi-baking-worker=262144"
    "memorysetup-temp-allocator-size-gfx=262144"
Player connection [10904]  Target information:

Player connection [10904]  * "[IP] 172.21.64.1 [Port] 0 [Flags] 2 [Guid] 3645196945 [EditorId] 3645196945 [Version] 1048832 [Id] WindowsEditor(7,DESKTOP-2K53HEK) [Debug] 1 [PackageName] WindowsEditor [ProjectName] Editor" 

Player connection [10904]  * "[IP] 26.8.207.216 [Port] 0 [Flags] 2 [Guid] 3645196945 [EditorId] 3645196945 [Version] 1048832 [Id] WindowsEditor(7,DESKTOP-2K53HEK) [Debug] 1 [PackageName] WindowsEditor [ProjectName] Editor" 

Player connection [10904]  * "[IP] 192.168.0.14 [Port] 0 [Flags] 2 [Guid] 3645196945 [EditorId] 3645196945 [Version] 1048832 [Id] WindowsEditor(7,DESKTOP-2K53HEK) [Debug] 1 [PackageName] WindowsEditor [ProjectName] Editor" 

Player connection [10904] Host joined multi-casting on [225.0.0.222:54997]...
Player connection [10904] Host joined alternative multi-casting on [225.0.0.222:34997]...
[PhysX] Initialized MultithreadedTaskDispatcher with 2 workers.
Refreshing native plugins compatible for Editor in 166.21 ms, found 4 plugins.
Preloading 0 native plugins for Editor in 0.00 ms.
Initialize engine version: 2022.3.47f1 (88c277b85d21)
[Subsystems] Discovering subsystems at path D:/2022.3.47f1/Editor/Data/Resources/UnitySubsystems
[Subsystems] Discovering subsystems at path D:/LFLAfolder/LFLAGit/Assets
GfxDevice: creating device client; threaded=0; jobified=0
Direct3D:
    Version:  Direct3D 11.0 [level 10.1]
    Renderer: Intel(R) HD Graphics (ID=0x106)
    Vendor:   Intel
    VRAM:     128 MB
    Driver:   9.17.10.4459
Could not load symbol clCreateImage : РќРµ РЅР°Р№РґРµРЅР° СѓРєР°Р·Р°РЅРЅР°СЏ РїСЂРѕС†РµРґСѓСЂР°.

Could not load symbol clEnqueueFillBuffer : РќРµ РЅР°Р№РґРµРЅР° СѓРєР°Р·Р°РЅРЅР°СЏ РїСЂРѕС†РµРґСѓСЂР°.

Could not load symbol clEnqueueFillImage : РќРµ РЅР°Р№РґРµРЅР° СѓРєР°Р·Р°РЅРЅР°СЏ РїСЂРѕС†РµРґСѓСЂР°.

Could not load symbol clEnqueueMarkerWithWaitList : РќРµ РЅР°Р№РґРµРЅР° СѓРєР°Р·Р°РЅРЅР°СЏ РїСЂРѕС†РµРґСѓСЂР°.

Could not load symbol clGetExtensionFunctionAddressForPlatform : РќРµ РЅР°Р№РґРµРЅР° СѓРєР°Р·Р°РЅРЅР°СЏ РїСЂРѕС†РµРґСѓСЂР°.

Could not load symbol clUnloadPlatformCompiler : РќРµ РЅР°Р№РґРµРЅР° СѓРєР°Р·Р°РЅРЅР°СЏ РїСЂРѕС†РµРґСѓСЂР°.

Could not load symbol clCreateFromGLTexture : РќРµ РЅР°Р№РґРµРЅР° СѓРєР°Р·Р°РЅРЅР°СЏ РїСЂРѕС†РµРґСѓСЂР°.

Initialize mono
Mono path[0] = 'D:/2022.3.47f1/Editor/Data/Managed'
Mono path[1] = 'D:/2022.3.47f1/Editor/Data/MonoBleedingEdge/lib/mono/unityjit-win32'
Mono config path = 'D:/2022.3.47f1/Editor/Data/MonoBleedingEdge/etc'
Using monoOptions --debugger-agent=transport=dt_socket,embedding=1,server=y,suspend=n,address=127.0.0.1:56012
Begin MonoManager ReloadAssembly
Registering precompiled unity dll's ...
Register platform support module: D:/2022.3.47f1/Editor/Data/PlaybackEngines/WebGLSupport/UnityEditor.WebGL.Extensions.dll
Register platform support module: D:/2022.3.47f1/Editor/Data/PlaybackEngines/WindowsStandaloneSupport/UnityEditor.WindowsStandalone.Extensions.dll
Registered in 0.032823 seconds.
- Loaded All Assemblies, in  2.018 seconds
Native extension for WindowsStandalone target not found
Native extension for WebGL target not found
Mono: successfully reloaded assembly
- Finished resetting the current domain, in  2.577 seconds
Domain Reload Profiling: 4588ms
	BeginReloadAssembly (304ms)
		ExecutionOrderSort (0ms)
		DisableScriptedObjects (0ms)
		BackupInstance (0ms)
		ReleaseScriptingObjects (0ms)
		CreateAndSetChildDomain (2ms)
	RebuildCommonClasses (102ms)
	RebuildNativeTypeToScriptingClass (31ms)
	initialDomainReloadingComplete (304ms)
	LoadAllAssembliesAndSetupDomain (1265ms)
		LoadAssemblies (306ms)
		RebuildTransferFunctionScriptingTraits (0ms)
		AnalyzeDomain (1252ms)
			TypeCache.Refresh (1245ms)
				TypeCache.ScanAssembly (1145ms)
			ScanForSourceGeneratedMonoScriptInfo (2ms)
			ResolveRequiredComponents (1ms)
	FinalizeReload (2582ms)
		ReleaseScriptCaches (0ms)
		RebuildScriptCaches (0ms)
		SetupLoadedEditorAssemblies (2168ms)
			LogAssemblyErrors (0ms)
			InitializePlatformSupportModulesInManaged (90ms)
			SetLoadedEditorAssemblies (46ms)
			RefreshPlugins (0ms)
			BeforeProcessingInitializeOnLoad (7ms)
			ProcessInitializeOnLoadAttributes (1555ms)
			ProcessInitializeOnLoadMethodAttributes (469ms)
			AfterProcessingInitializeOnLoad (0ms)
			EditorAssembliesLoaded (0ms)
		ExecutionOrderSort2 (0ms)
		AwakeInstancesAfterBackupRestoration (0ms)
========================================================================
Worker process is ready to serve import requests
Caller must complete domain reload
Begin MonoManager ReloadAssembly
- Loaded All Assemblies, in  5.907 seconds
Native extension for WindowsStandalone target not found
Native extension for WebGL target not found
Package Manager log level set to [2]
[Package Manager] Server::EnsureServerProcessIsRunning -- launch failed, reason: Unity was launched with the -noUpm command-line argument
[Package Manager] UpmClient::Send -- Unable to send message (not connected to UPM process).
[Package Manager] Cannot connect to Unity Package Manager local server
Mono: successfully reloaded assembly
- Finished resetting the current domain, in  6.077 seconds
Domain Reload Profiling: 11973ms
	BeginReloadAssembly (1370ms)
		ExecutionOrderSort (0ms)
		DisableScriptedObjects (59ms)
		BackupInstance (0ms)
		ReleaseScriptingObjects (0ms)
		CreateAndSetChildDomain (144ms)
	RebuildCommonClasses (304ms)
	RebuildNativeTypeToScriptingClass (95ms)
	initialDomainReloadingComplete (375ms)
	LoadAllAssembliesAndSetupDomain (3750ms)
		LoadAssemblies (2870ms)
		RebuildTransferFunctionScriptingTraits (0ms)
		AnalyzeDomain (1737ms)
			TypeCache.Refresh (1485ms)
				TypeCache.ScanAssembly (1376ms)
			ScanForSourceGeneratedMonoScriptInfo (191ms)
			ResolveRequiredComponents (53ms)
	FinalizeReload (6078ms)
		ReleaseScriptCaches (0ms)
		RebuildScriptCaches (0ms)
		SetupLoadedEditorAssemblies (4673ms)
			LogAssemblyErrors (0ms)
			InitializePlatformSupportModulesInManaged (60ms)
			SetLoadedEditorAssemblies (27ms)
			RefreshPlugins (0ms)
			BeforeProcessingInitializeOnLoad (582ms)
			ProcessInitializeOnLoadAttributes (3627ms)
			ProcessInitializeOnLoadMethodAttributes (345ms)
			AfterProcessingInitializeOnLoad (32ms)
			EditorAssembliesLoaded (1ms)
		ExecutionOrderSort2 (0ms)
		AwakeInstancesAfterBackupRestoration (63ms)
Launched and connected shader compiler UnityShaderCompiler.exe after 0.51 seconds
Refreshing native plugins compatible for Editor in 49.06 ms, found 4 plugins.
Preloading 0 native plugins for Editor in 0.00 ms.
Unloading 4091 Unused Serialized files (Serialized files now loaded: 0)
Unloading 38 unused Assets / (241.7 KB). Loaded Objects now: 4559.
Memory consumption went from 145.7 MB to 145.4 MB.
Total: 20.357000 ms (FindLiveObjects: 0.467800 ms CreateObjectMapping: 0.291100 ms MarkObjects: 19.207500 ms  DeleteObjects: 0.388200 ms)

AssetImportParameters requested are different than current active one (requested -> active):
  custom:container-demuxer-ogg: 62fdf1f143b41e24485cea50d1cbac27 -> 
  custom:video-decoder-ogg-theora: a1e56fd34408186e4bbccfd4996cb3dc -> 
  custom:framework-win-MediaFoundation: 216162199b28c13a410421893ffa2e32 -> 
  custom:CustomObjectIndexerAttribute: 9a22284fe3817be447336de3de66b15e -> 
  custom:container-demuxer-webm: 4f35f7cbe854078d1ac9338744f61a02 -> 
  custom:container-muxer-webm: aa71ff27fc2769a1b78a27578f13a17b -> 
  custom:video-decoder-webm-vp8: 9c59270c3fd7afecdb556c50c9e8de78 -> 
  custom:SearchIndexIgnoredProperties: e643bd26f0fe6173181afceb89e7c659 -> 
  custom:AudioImporter_EditorPlatform: d09bf68614088b80899f8185d706f6e7 -> 
  custom:video-encoder-webm-vp8: eb34c28f22e8b96e1ab97ce403110664 -> 
  custom:audio-decoder-ogg-vorbis: bf7c407c2cedff20999df2af8eb42d56 -> 
  custom:audio-encoder-webm-vorbis: bf7c407c2cedff20999df2af8eb42d56 -> 
========================================================================
Received Import Request.
  Time since last request: 525297.605511 seconds.
  path: Assets/_Assets/Sprites/backgrounds/bathroom.png
  artifactKey: Guid(65a672c6ab277db429f054a3e60ae345) Importer(815301076,1909f56bfc062723c751e8b465ee728b)
Start importing Assets/_Assets/Sprites/backgrounds/bathroom.png using Guid(65a672c6ab277db429f054a3e60ae345) Importer(815301076,1909f56bfc062723c751e8b465ee728b) [PhysX] Initialized MultithreadedTaskDispatcher with 2 workers.
[PhysX] Initialized MultithreadedTaskDispatcher with 2 workers.
 -> (artifact id: '1a8155064c4f45c6a6e660448dcf2484') in 0.777496 seconds
Number of updated asset objects reloaded before import = 0
Number of asset objects unloaded after import = 3
========================================================================
Received Import Request.
  Time since last request: 0.002098 seconds.
  path: Assets/_Assets/Sprites/backgrounds/bedroom.jpeg
  artifactKey: Guid(1dc02abab217cc64c8759b275711c1d8) Importer(815301076,1909f56bfc062723c751e8b465ee728b)
Start importing Assets/_Assets/Sprites/backgrounds/bedroom.jpeg using Guid(1dc02abab217cc64c8759b275711c1d8) Importer(815301076,1909f56bfc062723c751e8b465ee728b) [PhysX] Initialized MultithreadedTaskDispatcher with 2 workers.
[PhysX] Initialized MultithreadedTaskDispatcher with 2 workers.
 -> (artifact id: '9cb9681fee92379af0cc4670557f88e6') in 0.125206 seconds
Number of updated asset objects reloaded before import = 0
Number of asset objects unloaded after import = 3
========================================================================
Received Import Request.
  Time since last request: 0.003481 seconds.
  path: Assets/_Assets/Sprites/backgrounds/completed/bathroom.aseprite
  artifactKey: Guid(7b60fdd465030394c96a600079f43639) Importer(815301076,1909f56bfc062723c751e8b465ee728b)
Start importing Assets/_Assets/Sprites/backgrounds/completed/bathroom.aseprite using Guid(7b60fdd465030394c96a600079f43639) Importer(815301076,1909f56bfc062723c751e8b465ee728b) [PhysX] Initialized MultithreadedTaskDispatcher with 2 workers.
[PhysX] Initialized MultithreadedTaskDispatcher with 2 workers.
[PhysX] Initialized MultithreadedTaskDispatcher with 2 workers.
 -> (artifact id: 'a6ec6ee03743a2ed143a2f3cd1c4800e') in 0.448728 seconds
Number of updated asset objects reloaded before import = 0
Number of asset objects unloaded after import = 7
========================================================================
Received Import Request.
  Time since last request: 0.000060 seconds.
  path: Assets/_Assets/Sprites/backgrounds/completed/bathroom.jpeg
  artifactKey: Guid(cfdf2bddda1dae740a524e7672f87b84) Importer(815301076,1909f56bfc062723c751e8b465ee728b)
Start importing Assets/_Assets/Sprites/backgrounds/completed/bathroom.jpeg using Guid(cfdf2bddda1dae740a524e7672f87b84) Importer(815301076,1909f56bfc062723c751e8b465ee728b) [PhysX] Initialized MultithreadedTaskDispatcher with 2 workers.
[PhysX] Initialized MultithreadedTaskDispatcher with 2 workers.
 -> (artifact id: 'dc2234bebd811f9e8e8411d28136f5e4') in 0.058655 seconds
Number of updated asset objects reloaded before import = 0
Number of asset objects unloaded after import = 3
========================================================================
Received Import Request.
  Time since last request: 0.000366 seconds.
  path: Assets/_Assets/Sprites/backgrounds/lecturehall.aseprite
  artifactKey: Guid(2581e06bd35a88e4cad75d41b0070e83) Importer(815301076,1909f56bfc062723c751e8b465ee728b)
Start importing Assets/_Assets/Sprites/backgrounds/lecturehall.aseprite using Guid(2581e06bd35a88e4cad75d41b0070e83) Importer(815301076,1909f56bfc062723c751e8b465ee728b) [PhysX] Initialized MultithreadedTaskDispatcher with 2 workers.
[PhysX] Initialized MultithreadedTaskDispatcher with 2 workers.
[PhysX] Initialized MultithreadedTaskDispatcher with 2 workers.
 -> (artifact id: 'b22974e216335e9b804903c1de426e4a') in 0.110092 seconds
Number of updated asset objects reloaded before import = 0
Number of asset objects unloaded after import = 7
========================================================================
Received Import Request.
  Time since last request: 0.000136 seconds.
  path: Assets/_Assets/Sprites/backgrounds/completed/РєРѕСЂРёРґРѕСЂ.jpeg
  artifactKey: Guid(6e2fd8449227f7b45aa8685346dfe1c9) Importer(815301076,1909f56bfc062723c751e8b465ee728b)
Start importing Assets/_Assets/Sprites/backgrounds/completed/РєРѕСЂРёРґРѕСЂ.jpeg using Guid(6e2fd8449227f7b45aa8685346dfe1c9) Importer(815301076,1909f56bfc062723c751e8b465ee728b) [PhysX] Initialized MultithreadedTaskDispatcher with 2 workers.
[PhysX] Initialized MultithreadedTaskDispatcher with 2 workers.
 -> (artifact id: '0e74665d97603ddb125670acc9214eba') in 0.053137 seconds
Number of updated asset objects reloaded before import = 0
Number of asset objects unloaded after import = 3
========================================================================
Received Import Request.
  Time since last request: 0.000036 seconds.
  path: Assets/_Assets/Sprites/backgrounds/bathroom.jpeg
  artifactKey: Guid(22f55aa68a9ec7d4d9cd8a752e2acbfb) Importer(815301076,1909f56bfc062723c751e8b465ee728b)
Start importing Assets/_Assets/Sprites/backgrounds/bathroom.jpeg using Guid(22f55aa68a9ec7d4d9cd8a752e2acbfb) Importer(815301076,1909f56bfc062723c751e8b465ee728b) [PhysX] Initialized MultithreadedTaskDispatcher with 2 workers.
[PhysX] Initialized MultithreadedTaskDispatcher with 2 workers.
 -> (artifact id: '04f796f8b673621aef3655402a459574') in 0.089515 seconds
Number of updated asset objects reloaded before import = 0
Number of asset objects unloaded after import = 3
========================================================================
Received Import Request.
  Time since last request: 0.000552 seconds.
  path: Assets/_Assets/Sprites/backgrounds/lecturehall.png
  artifactKey: Guid(aa356a86c8d469042a431e23882a96b7) Importer(815301076,1909f56bfc062723c751e8b465ee728b)
Start importing Assets/_Assets/Sprites/backgrounds/lecturehall.png using Guid(aa356a86c8d469042a431e23882a96b7) Importer(815301076,1909f56bfc062723c751e8b465ee728b) [PhysX] Initialized MultithreadedTaskDispatcher with 2 workers.
[PhysX] Initialized MultithreadedTaskDispatcher with 2 workers.
 -> (artifact id: '45e4cc866125dd1e612b089ec82164d8') in 0.055584 seconds
Number of updated asset objects reloaded before import = 0
Number of asset objects unloaded after import = 3
========================================================================
Received Import Request.
  Time since last request: 0.000426 seconds.
  path: Assets/_Assets/Sprites/backgrounds/РєРѕСЂРёРґРѕСЂ.aseprite
  artifactKey: Guid(f6fdf5e5d002f2f48a540c5d81fc50b9) Importer(815301076,1909f56bfc062723c751e8b465ee728b)
Start importing Assets/_Assets/Sprites/backgrounds/РєРѕСЂРёРґРѕСЂ.aseprite using Guid(f6fdf5e5d002f2f48a540c5d81fc50b9) Importer(815301076,1909f56bfc062723c751e8b465ee728b) [PhysX] Initialized MultithreadedTaskDispatcher with 2 workers.
[PhysX] Initialized MultithreadedTaskDispatcher with 2 workers.
[PhysX] Initialized MultithreadedTaskDispatcher with 2 workers.
 -> (artifact id: 'f4a7d151228b68ee36ecd1ce6400e109') in 0.114667 seconds
Number of updated asset objects reloaded before import = 0
Number of asset objects unloaded after import = 7
========================================================================
Received Import Request.
  Time since last request: 0.000056 seconds.
  path: Assets/_Assets/Sprites/backgrounds/Kitchen.png
  artifactKey: Guid(52b273dae937a074598043ecaa40327f) Importer(815301076,1909f56bfc062723c751e8b465ee728b)
Start importing Assets/_Assets/Sprites/backgrounds/Kitchen.png using Guid(52b273dae937a074598043ecaa40327f) Importer(815301076,1909f56bfc062723c751e8b465ee728b) [PhysX] Initialized MultithreadedTaskDispatcher with 2 workers.
[PhysX] Initialized MultithreadedTaskDispatcher with 2 workers.
 -> (artifact id: '66f310472e8a3514a07f0e75cf5010cb') in 0.059294 seconds
Number of updated asset objects reloaded before import = 0
Number of asset objects unloaded after import = 3
========================================================================
Received Import Request.
  Time since last request: 0.000293 seconds.
  path: Assets/_Assets/Sprites/backgrounds/completed/bedroom.jpeg
  artifactKey: Guid(fb3c48a56e7e49b4c903605c06db6154) Importer(815301076,1909f56bfc062723c751e8b465ee728b)
Start importing Assets/_Assets/Sprites/backgrounds/completed/bedroom.jpeg using Guid(fb3c48a56e7e49b4c903605c06db6154) Importer(815301076,1909f56bfc062723c751e8b465ee728b) [PhysX] Initialized MultithreadedTaskDispatcher with 2 workers.
[PhysX] Initialized MultithreadedTaskDispatcher with 2 workers.
 -> (artifact id: '7f21ee36aa97cc9af5e567d284116977') in 0.061881 seconds
Number of updated asset objects reloaded before import = 0
Number of asset objects unloaded after import = 3
========================================================================
Received Import Request.
  Time since last request: 0.000038 seconds.
  path: Assets/_Assets/Sprites/backgrounds/Kitchen.aseprite
  artifactKey: Guid(ba243c04f2e83d546a0180f0c463b127) Importer(815301076,1909f56bfc062723c751e8b465ee728b)
Start importing Assets/_Assets/Sprites/backgrounds/Kitchen.aseprite using Guid(ba243c04f2e83d546a0180f0c463b127) Importer(815301076,1909f56bfc062723c751e8b465ee728b) [PhysX] Initialized MultithreadedTaskDispatcher with 2 workers.
[PhysX] Initialized MultithreadedTaskDispatcher with 2 workers.
[PhysX] Initialized MultithreadedTaskDispatcher with 2 workers.
 -> (artifact id: 'e22151f08851b186d41274058af5ceea') in 0.109187 seconds
Number of updated asset objects reloaded before import = 0
Number of asset objects unloaded after import = 7
========================================================================
Received Import Request.
  Time since last request: 0.000196 seconds.
  path: Assets/_Assets/Sprites/backgrounds/completed/Kitchen.jpeg
  artifactKey: Guid(0b1f4ae304a319940a4e92e70547b683) Importer(815301076,1909f56bfc062723c751e8b465ee728b)
Start importing Assets/_Assets/Sprites/backgrounds/completed/Kitchen.jpeg using Guid(0b1f4ae304a319940a4e92e70547b683) Importer(815301076,1909f56bfc062723c751e8b465ee728b) [PhysX] Initialized MultithreadedTaskDispatcher with 2 workers.
[PhysX] Initialized MultithreadedTaskDispatcher with 2 workers.
 -> (artifact id: 'fe761c253af3fb58156c24f1e30dfaee') in 0.054442 seconds
Number of updated asset objects reloaded before import = 0
Number of asset objects unloaded after import = 3
========================================================================
Received Import Request.
  Time since last request: 0.000041 seconds.
  path: Assets/_Assets/Sprites/backgrounds/completed/bedroom.aseprite
  artifactKey: Guid(0aa64e3856904bd4cb8f0980918b174e) Importer(815301076,1909f56bfc062723c751e8b465ee728b)
Start importing Assets/_Assets/Sprites/backgrounds/completed/bedroom.aseprite using Guid(0aa64e3856904bd4cb8f0980918b174e) Importer(815301076,1909f56bfc062723c751e8b465ee728b) [PhysX] Initialized MultithreadedTaskDispatcher with 2 workers.
[PhysX] Initialized MultithreadedTaskDispatcher with 2 workers.
[PhysX] Initialized MultithreadedTaskDispatcher with 2 workers.
 -> (artifact id: '63c37359fa5dd9c6cd10045280e51f16') in 0.082942 seconds
Number of updated asset objects reloaded before import = 0
Number of asset objects unloaded after import = 7
========================================================================
Received Import Request.
  Time since last request: 0.000262 seconds.
  path: Assets/_Assets/Sprites/backgrounds/completed/Kitchen.aseprite
  artifactKey: Guid(82df7b65e9698e4498638e12d18edc10) Importer(815301076,1909f56bfc062723c751e8b465ee728b)
Start importing Assets/_Assets/Sprites/backgrounds/completed/Kitchen.aseprite using Guid(82df7b65e9698e4498638e12d18edc10) Importer(815301076,1909f56bfc062723c751e8b465ee728b) [PhysX] Initialized MultithreadedTaskDispatcher with 2 workers.
[PhysX] Initialized MultithreadedTaskDispatcher with 2 workers.
[PhysX] Initialized MultithreadedTaskDispatcher with 2 workers.
 -> (artifact id: 'b7790b3cf26a22e56c021095040cd329') in 0.083779 seconds
Number of updated asset objects reloaded before import = 0
Number of asset objects unloaded after import = 7
========================================================================
Received Import Request.
  Time since last request: 0.000051 seconds.
  path: Assets/_Assets/Sprites/backgrounds
  artifactKey: Guid(8437e26ee7f05544a877c7e675a75064) Importer(815301076,1909f56bfc062723c751e8b465ee728b)
Start importing Assets/_Assets/Sprites/backgrounds using Guid(8437e26ee7f05544a877c7e675a75064) Importer(815301076,1909f56bfc062723c751e8b465ee728b) [PhysX] Initialized MultithreadedTaskDispatcher with 2 workers.
 -> (artifact id: '6383f83d86820cd33e2d20ff3bf4746a') in 0.005064 seconds
Number of updated asset objects reloaded before import = 0
Number of asset objects unloaded after import = 0
========================================================================
Received Import Request.
  Time since last request: 0.000393 seconds.
  path: Assets/_Assets/Sprites/backgrounds/Kitchen.jpeg
  artifactKey: Guid(03de47e4516f7a440b94794ad2bb9c76) Importer(815301076,1909f56bfc062723c751e8b465ee728b)
Start importing Assets/_Assets/Sprites/backgrounds/Kitchen.jpeg using Guid(03de47e4516f7a440b94794ad2bb9c76) Importer(815301076,1909f56bfc062723c751e8b465ee728b) [PhysX] Initialized MultithreadedTaskDispatcher with 2 workers.
[PhysX] Initialized MultithreadedTaskDispatcher with 2 workers.
 -> (artifact id: '97b8da210635c58239bdc5a1ab381de3') in 0.073348 seconds
Number of updated asset objects reloaded before import = 0
Number of asset objects unloaded after import = 3
========================================================================
Received Import Request.
  Time since last request: 0.000042 seconds.
  path: Assets/_Assets/Sprites/backgrounds/completed
  artifactKey: Guid(c0f4b68fc124cca4ea9c0db7075d4784) Importer(815301076,1909f56bfc062723c751e8b465ee728b)
Start importing Assets/_Assets/Sprites/backgrounds/completed using Guid(c0f4b68fc124cca4ea9c0db7075d4784) Importer(815301076,1909f56bfc062723c751e8b465ee728b) [PhysX] Initialized MultithreadedTaskDispatcher with 2 workers.
 -> (artifact id: 'd660d5a41f61524d6d3642d7bb192747') in 0.001462 seconds
Number of updated asset objects reloaded before import = 0
Number of asset objects unloaded after import = 0
========================================================================
Received Import Request.
  Time since last request: 0.000040 seconds.
  path: Assets/_Assets/Sprites/backgrounds/bedroom.png
  artifactKey: Guid(bce29cd150c254141a782e8f7ec67bdd) Importer(815301076,1909f56bfc062723c751e8b465ee728b)
Start importing Assets/_Assets/Sprites/backgrounds/bedroom.png using Guid(bce29cd150c254141a782e8f7ec67bdd) Importer(815301076,1909f56bfc062723c751e8b465ee728b) [PhysX] Initialized MultithreadedTaskDispatcher with 2 workers.
[PhysX] Initialized MultithreadedTaskDispatcher with 2 workers.
 -> (artifact id: 'c4444d5e36909df9607db48da2501a9c') in 0.061740 seconds
Number of updated asset objects reloaded before import = 0
Number of asset objects unloaded after import = 3
========================================================================
Received Import Request.
  Time since last request: 0.000042 seconds.
  path: Assets/_Assets/Sprites/backgrounds/bathroom.aseprite
  artifactKey: Guid(6610d73aa7889ce46a601f0621da6071) Importer(815301076,1909f56bfc062723c751e8b465ee728b)
Start importing Assets/_Assets/Sprites/backgrounds/bathroom.aseprite using Guid(6610d73aa7889ce46a601f0621da6071) Importer(815301076,1909f56bfc062723c751e8b465ee728b) [PhysX] Initialized MultithreadedTaskDispatcher with 2 workers.
[PhysX] Initialized MultithreadedTaskDispatcher with 2 workers.
[PhysX] Initialized MultithreadedTaskDispatcher with 2 workers.
 -> (artifact id: 'da8075009aafed98e1063370a2158efa') in 0.102482 seconds
Number of updated asset objects reloaded before import = 0
Number of asset objects unloaded after import = 7
========================================================================
Received Import Request.
  Time since last request: 0.000064 seconds.
  path: Assets/_Assets/Sprites/backgrounds/РєРѕСЂРёРґРѕСЂ.jpeg
  artifactKey: Guid(04a69af8606bce54b8ceb9959ffbcff2) Importer(815301076,1909f56bfc062723c751e8b465ee728b)
Start importing Assets/_Assets/Sprites/backgrounds/РєРѕСЂРёРґРѕСЂ.jpeg using Guid(04a69af8606bce54b8ceb9959ffbcff2) Importer(815301076,1909f56bfc062723c751e8b465ee728b) [PhysX] Initialized MultithreadedTaskDispatcher with 2 workers.
[PhysX] Initialized MultithreadedTaskDispatcher with 2 workers.
 -> (artifact id: '8bcf0a848fa2ce0b1c4e3c64bb030a5f') in 0.058407 seconds
Number of updated asset objects reloaded before import = 0
Number of asset objects unloaded after import = 3
========================================================================
Received Import Request.
  Time since last request: 0.000061 seconds.
  path: Assets/_Assets/Sprites/backgrounds/bedroom.aseprite
  artifactKey: Guid(9d40db6ebfec20d408894fa87d7fe88a) Importer(815301076,1909f56bfc062723c751e8b465ee728b)
Start importing Assets/_Assets/Sprites/backgrounds/bedroom.aseprite using Guid(9d40db6ebfec20d408894fa87d7fe88a) Importer(815301076,1909f56bfc062723c751e8b465ee728b) [PhysX] Initialized MultithreadedTaskDispatcher with 2 workers.
[PhysX] Initialized MultithreadedTaskDispatcher with 2 workers.
[PhysX] Initialized MultithreadedTaskDispatcher with 2 workers.
 -> (artifact id: 'f2fabda389677e8d2d4dd131a4691d94') in 0.087971 seconds
Number of updated asset objects reloaded before import = 0
Number of asset objects unloaded after import = 7
========================================================================
Received Import Request.
  Time since last request: 0.000044 seconds.
  path: Assets/_Assets/Sprites/backgrounds/completed/РєРѕСЂРёРґРѕСЂ.aseprite
  artifactKey: Guid(1df116c8fd214ff4a90ab223d3c4dfe9) Importer(815301076,1909f56bfc062723c751e8b465ee728b)
Start importing Assets/_Assets/Sprites/backgrounds/completed/РєРѕСЂРёРґРѕСЂ.aseprite using Guid(1df116c8fd214ff4a90ab223d3c4dfe9) Importer(815301076,1909f56bfc062723c751e8b465ee728b) [PhysX] Initialized MultithreadedTaskDispatcher with 2 workers.
[PhysX] Initialized MultithreadedTaskDispatcher with 2 workers.
[PhysX] Initialized MultithreadedTaskDispatcher with 2 workers.
 -> (artifact id: 'dc8c00397a5db3900932002c088918b8') in 0.063313 seconds
Number of updated asset objects reloaded before import = 0
Number of asset objects unloaded after import = 7
========================================================================
Received Import Request.
  Time since last request: 774.741851 seconds.
  path: Assets/Scenes/MainMenuScene.unity
  artifactKey: Guid(2cda990e2423bbf4892e6590ba056729) Importer(815301076,1909f56bfc062723c751e8b465ee728b)
Start importing Assets/Scenes/MainMenuScene.unity using Guid(2cda990e2423bbf4892e6590ba056729) Importer(815301076,1909f56bfc062723c751e8b465ee728b) [PhysX] Initialized MultithreadedTaskDispatcher with 2 workers.
 -> (artifact id: 'b6e38deb4c67273fef9b5cf27efeef78') in 0.004943 seconds
Number of updated asset objects reloaded before import = 0
Number of asset objects unloaded after import = 0
========================================================================
Received Import Request.
  Time since last request: 13.058063 seconds.
  path: Assets/Scenes/BedroomScene.unity
  artifactKey: Guid(85f6ebefd51818148923cac3b0391368) Importer(815301076,1909f56bfc062723c751e8b465ee728b)
Start importing Assets/Scenes/BedroomScene.unity using Guid(85f6ebefd51818148923cac3b0391368) Importer(815301076,1909f56bfc062723c751e8b465ee728b) [PhysX] Initialized MultithreadedTaskDispatcher with 2 workers.
 -> (artifact id: 'f75a3a067037829575a1adbf6477dee6') in 0.001336 seconds
Number of updated asset objects reloaded before import = 0
Number of asset objects unloaded after import = 0
TcpMessagingSession - receive error
AssetImportWorkerClient::OnTransportError - code=10054 error=Удаленный хост принудительно разорвал существующее подключение.
